<?xml version="1.0" encoding="UTF-8"?>
<<<<<<< HEAD
<testsuite xmlns:xsi="http://www.w3.org/2001/XMLSchema-instance" xsi:noNamespaceSchemaLocation="https://maven.apache.org/surefire/maven-surefire-plugin/xsd/surefire-test-report.xsd" name="com.ernestasapp.SynalogikFileInfo.FileInfoTest" time="0.057" tests="5" errors="0" skipped="0" failures="0">
=======
<testsuite xmlns:xsi="http://www.w3.org/2001/XMLSchema-instance" xsi:noNamespaceSchemaLocation="https://maven.apache.org/surefire/maven-surefire-plugin/xsd/surefire-test-report.xsd" name="com.ernestasapp.SynalogikFileInfo.FileInfoTest" time="0.055" tests="5" errors="0" skipped="0" failures="0">
>>>>>>> 6ef9cb4e86f32c4e7c41cec56fcdab29d83d03f4
  <properties>
    <property name="java.specification.version" value="18"/>
    <property name="sun.cpu.isalist" value="amd64"/>
    <property name="sun.jnu.encoding" value="Cp1252"/>
    <property name="java.class.path" value="C:\Users\ernes\eclipse-workspace2\Synalogik-Test\target\test-classes;C:\Users\ernes\eclipse-workspace2\Synalogik-Test\target\classes;C:\Users\ernes\.m2\repository\org\junit\jupiter\junit-jupiter-api\5.8.1\junit-jupiter-api-5.8.1.jar;C:\Users\ernes\.m2\repository\org\opentest4j\opentest4j\1.2.0\opentest4j-1.2.0.jar;C:\Users\ernes\.m2\repository\org\junit\platform\junit-platform-commons\1.8.1\junit-platform-commons-1.8.1.jar;C:\Users\ernes\.m2\repository\org\apiguardian\apiguardian-api\1.1.2\apiguardian-api-1.1.2.jar;C:\Users\ernes\.m2\repository\org\junit\jupiter\junit-jupiter-engine\5.8.1\junit-jupiter-engine-5.8.1.jar;C:\Users\ernes\.m2\repository\org\junit\platform\junit-platform-engine\1.8.1\junit-platform-engine-1.8.1.jar;"/>
    <property name="java.vm.vendor" value="Oracle Corporation"/>
    <property name="sun.arch.data.model" value="64"/>
    <property name="user.variant" value=""/>
    <property name="java.vendor.url" value="https://java.oracle.com/"/>
    <property name="user.timezone" value="Europe/London"/>
    <property name="os.name" value="Windows 10"/>
    <property name="java.vm.specification.version" value="18"/>
    <property name="sun.java.launcher" value="SUN_STANDARD"/>
    <property name="user.country" value="GB"/>
<<<<<<< HEAD
    <property name="sun.boot.library.path" value="C:\Users\ernes\.p2\pool\plugins\org.eclipse.justj.openjdk.hotspot.jre.full.win32.x86_64_17.0.1.v20211116-1657\jre\bin"/>
    <property name="sun.java.command" value="C:\Users\ernes\AppData\Local\Temp\surefire17985562692544067779\surefirebooter9522755174262805604.jar C:\Users\ernes\AppData\Local\Temp\surefire17985562692544067779 2022-04-27T15-44-36_330-jvmRun1 surefire15652307947370929210tmp surefire_04936271949174427952tmp"/>
=======
    <property name="sun.boot.library.path" value="C:\Program Files\Java\jdk-18\bin"/>
    <property name="sun.java.command" value="C:\Users\ernes\AppData\Local\Temp\surefire17201732261735592354\surefirebooter6325317734970881146.jar C:\Users\ernes\AppData\Local\Temp\surefire17201732261735592354 2022-04-27T16-26-00_145-jvmRun1 surefire10312128870512763167tmp surefire_03374654887358238873tmp"/>
>>>>>>> 6ef9cb4e86f32c4e7c41cec56fcdab29d83d03f4
    <property name="jdk.debug" value="release"/>
    <property name="surefire.test.class.path" value="C:\Users\ernes\eclipse-workspace2\Synalogik-Test\target\test-classes;C:\Users\ernes\eclipse-workspace2\Synalogik-Test\target\classes;C:\Users\ernes\.m2\repository\org\junit\jupiter\junit-jupiter-api\5.8.1\junit-jupiter-api-5.8.1.jar;C:\Users\ernes\.m2\repository\org\opentest4j\opentest4j\1.2.0\opentest4j-1.2.0.jar;C:\Users\ernes\.m2\repository\org\junit\platform\junit-platform-commons\1.8.1\junit-platform-commons-1.8.1.jar;C:\Users\ernes\.m2\repository\org\apiguardian\apiguardian-api\1.1.2\apiguardian-api-1.1.2.jar;C:\Users\ernes\.m2\repository\org\junit\jupiter\junit-jupiter-engine\5.8.1\junit-jupiter-engine-5.8.1.jar;C:\Users\ernes\.m2\repository\org\junit\platform\junit-platform-engine\1.8.1\junit-platform-engine-1.8.1.jar;"/>
    <property name="sun.cpu.endian" value="little"/>
    <property name="user.home" value="C:\Users\ernes"/>
    <property name="user.language" value="en"/>
    <property name="java.specification.vendor" value="Oracle Corporation"/>
    <property name="java.version.date" value="2022-03-22"/>
    <property name="java.home" value="C:\Program Files\Java\jdk-18"/>
    <property name="file.separator" value="\"/>
    <property name="basedir" value="C:\Users\ernes\eclipse-workspace2\Synalogik-Test"/>
    <property name="java.vm.compressedOopsMode" value="32-bit"/>
    <property name="line.separator" value="&#10;"/>
    <property name="java.vm.specification.vendor" value="Oracle Corporation"/>
    <property name="java.specification.name" value="Java Platform API Specification"/>
<<<<<<< HEAD
    <property name="surefire.real.class.path" value="C:\Users\ernes\AppData\Local\Temp\surefire17985562692544067779\surefirebooter9522755174262805604.jar"/>
=======
    <property name="surefire.real.class.path" value="C:\Users\ernes\AppData\Local\Temp\surefire17201732261735592354\surefirebooter6325317734970881146.jar"/>
>>>>>>> 6ef9cb4e86f32c4e7c41cec56fcdab29d83d03f4
    <property name="user.script" value=""/>
    <property name="sun.management.compiler" value="HotSpot 64-Bit Tiered Compilers"/>
    <property name="java.runtime.version" value="18+36-2087"/>
    <property name="user.name" value="ernes"/>
    <property name="path.separator" value=";"/>
    <property name="os.version" value="10.0"/>
    <property name="java.runtime.name" value="Java(TM) SE Runtime Environment"/>
    <property name="file.encoding" value="UTF-8"/>
    <property name="java.vm.name" value="Java HotSpot(TM) 64-Bit Server VM"/>
    <property name="localRepository" value="C:\Users\ernes\.m2\repository"/>
    <property name="java.vendor.url.bug" value="https://bugreport.java.com/bugreport/"/>
    <property name="java.io.tmpdir" value="C:\Users\ernes\AppData\Local\Temp\"/>
    <property name="java.version" value="18"/>
    <property name="user.dir" value="C:\Users\ernes\eclipse-workspace2\Synalogik-Test"/>
    <property name="os.arch" value="amd64"/>
    <property name="java.vm.specification.name" value="Java Virtual Machine Specification"/>
    <property name="sun.os.patch.level" value=""/>
    <property name="native.encoding" value="Cp1252"/>
    <property name="java.library.path" value="C:\Program Files\Java\jdk-18\bin;C:\Windows\Sun\Java\bin;C:\Windows\system32;C:\Windows;C:/Program Files/Java/jdk-18/bin/server;C:/Program Files/Java/jdk-18/bin;C:/Users/ernes/AppData/Local/Temp/eoiF5BF.tmp//plugins/org.eclipse.justj.openjdk.hotspot.jre.minimal.stripped.win32.x86_64_17.0.2.v20220201-1208/jre/bin/server;C:/Users/ernes/AppData/Local/Temp/eoiF5BF.tmp//plugins/org.eclipse.justj.openjdk.hotspot.jre.minimal.stripped.win32.x86_64_17.0.2.v20220201-1208/jre/bin;C:\Program Files\Mozilla Firefox;C:\Program Files\Common Files\Oracle\Java\javapath;C:\Windows\system32;C:\Windows;C:\Windows\System32\Wbem;C:\Windows\System32\WindowsPowerShell\v1.0\;C:\Windows\System32\OpenSSH\;C:\Program Files (x86)\dotnet\;C:\Program Files\Git\cmd;C:\Program Files\PuTTY\;C:\Users\ernes\AppData\Local\Microsoft\WindowsApps;;C:\Users\ernes\AppData\Local\Programs\Microsoft VS Code\bin;C:\Users\ernes\OneDrive - The University of Nottingham\Desktop\Comp Sci\Uni\Haskell\ghcup\bin;D:\Downloads;;D:\Downloads;;."/>
    <property name="java.vm.info" value="mixed mode, sharing"/>
    <property name="java.vendor" value="Oracle Corporation"/>
    <property name="java.vm.version" value="18+36-2087"/>
    <property name="sun.io.unicode.encoding" value="UnicodeLittle"/>
    <property name="java.class.version" value="62.0"/>
  </properties>
<<<<<<< HEAD
  <testcase name="testInvalidFile" classname="com.ernestasapp.SynalogikFileInfo.FileInfoTest" time="0.03"/>
  <testcase name="testEmptyFile" classname="com.ernestasapp.SynalogikFileInfo.FileInfoTest" time="0.005"/>
  <testcase name="testOutput" classname="com.ernestasapp.SynalogikFileInfo.FileInfoTest" time="0.008"/>
  <testcase name="testValues" classname="com.ernestasapp.SynalogikFileInfo.FileInfoTest" time="0.002"/>
  <testcase name="testConstructor" classname="com.ernestasapp.SynalogikFileInfo.FileInfoTest" time="0.002"/>
=======
  <testcase name="testInvalidFile" classname="com.ernestasapp.SynalogikFileInfo.FileInfoTest" time="0.029"/>
  <testcase name="testEmptyFile" classname="com.ernestasapp.SynalogikFileInfo.FileInfoTest" time="0.003"/>
  <testcase name="testOutput" classname="com.ernestasapp.SynalogikFileInfo.FileInfoTest" time="0.009"/>
  <testcase name="testValues" classname="com.ernestasapp.SynalogikFileInfo.FileInfoTest" time="0.001"/>
  <testcase name="testConstructor" classname="com.ernestasapp.SynalogikFileInfo.FileInfoTest" time="0.001"/>
>>>>>>> 6ef9cb4e86f32c4e7c41cec56fcdab29d83d03f4
</testsuite>